{"/Users/s95460/Documents/Personal/Work/node-nasa-rss-api/src/index.js": {"path":"/Users/s95460/Documents/Personal/Work/node-nasa-rss-api/src/index.js","statementMap":{"0":{"start":{"line":1,"column":16},"end":{"line":1,"column":34}},"1":{"start":{"line":2,"column":15},"end":{"line":2,"column":36}},"2":{"start":{"line":4,"column":12},"end":{"line":4,"column":21}},"3":{"start":{"line":5,"column":13},"end":{"line":5,"column":17}},"4":{"start":{"line":7,"column":0},"end":{"line":11,"column":3}},"5":{"start":{"line":8,"column":17},"end":{"line":8,"column":29}},"6":{"start":{"line":9,"column":22},"end":{"line":9,"column":105}},"7":{"start":{"line":10,"column":2},"end":{"line":10,"column":24}},"8":{"start":{"line":13,"column":0},"end":{"line":15,"column":3}},"9":{"start":{"line":14,"column":2},"end":{"line":14,"column":67}},"10":{"start":{"line":17,"column":0},"end":{"line":17,"column":21}}},"fnMap":{"0":{"name":"(anonymous_0)","decl":{"start":{"line":7,"column":13},"end":{"line":7,"column":14}},"loc":{"start":{"line":7,"column":33},"end":{"line":11,"column":1}},"line":7},"1":{"name":"(anonymous_1)","decl":{"start":{"line":13,"column":17},"end":{"line":13,"column":18}},"loc":{"start":{"line":13,"column":23},"end":{"line":15,"column":1}},"line":13}},"branchMap":{},"s":{"0":1,"1":1,"2":1,"3":1,"4":1,"5":1,"6":1,"7":1,"8":1,"9":1,"10":1},"f":{"0":1,"1":1},"b":{},"_coverageSchema":"1a1c01bbd47fc00a2c39e90264f33305004495a9","hash":"82cc55b9fe301c51c928374a88683eba533aed6f"}
,"/Users/s95460/Documents/Personal/Work/node-nasa-rss-api/src/utilities/format-iso-date-to-AEST.js": {"path":"/Users/s95460/Documents/Personal/Work/node-nasa-rss-api/src/utilities/format-iso-date-to-AEST.js","statementMap":{"0":{"start":{"line":2,"column":4},"end":{"line":9,"column":5}},"1":{"start":{"line":3,"column":23},"end":{"line":3,"column":40}},"2":{"start":{"line":4,"column":27},"end":{"line":4,"column":90}},"3":{"start":{"line":5,"column":8},"end":{"line":5,"column":82}},"4":{"start":{"line":5,"column":42},"end":{"line":5,"column":82}},"5":{"start":{"line":6,"column":8},"end":{"line":6,"column":36}},"6":{"start":{"line":8,"column":8},"end":{"line":8,"column":44}},"7":{"start":{"line":12,"column":0},"end":{"line":14,"column":1}}},"fnMap":{"0":{"name":"convertISODateToAEST","decl":{"start":{"line":1,"column":9},"end":{"line":1,"column":29}},"loc":{"start":{"line":1,"column":39},"end":{"line":10,"column":1}},"line":1}},"branchMap":{"0":{"loc":{"start":{"line":5,"column":8},"end":{"line":5,"column":82}},"type":"if","locations":[{"start":{"line":5,"column":8},"end":{"line":5,"column":82}},{"start":{"line":5,"column":8},"end":{"line":5,"column":82}}],"line":5}},"s":{"0":2,"1":2,"2":2,"3":2,"4":1,"5":1,"6":1,"7":1},"f":{"0":2},"b":{"0":[1,1]},"_coverageSchema":"1a1c01bbd47fc00a2c39e90264f33305004495a9","hash":"7a372bb648ead22ce5e1a4846f86eda59aadd83b"}
}
